<?xml version="1.0" encoding="UTF-8"?>
<!-- Generated by org.testng.reporters.JUnitReportReporter -->
<testsuite hostname="DESKTOP-R71JSJF" failures="0" tests="1" name="com.crm.product.product" time="27.863" errors="0" timestamp="2022-10-10T16:05:48 IST" skipped="0">
  <testcase classname="com.crm.product.product" name="product_test" time="27.863"/>
  <system-out/>
</testsuite> <!-- com.crm.product.product -->
