<?xml version="1.0" encoding="UTF-8"?>
<!-- Generated by org.testng.reporters.JUnitReportReporter -->
<testsuite hostname="DESKTOP-R71JSJF" failures="0" tests="1" name="com.crm.campaign.Campaign_with_product" time="51.136" errors="0" timestamp="2022-10-10T15:58:25 IST" skipped="0">
  <testcase classname="com.crm.campaign.Campaign_with_product" name="campaign_with_product_test" time="51.136"/>
  <system-out/>
</testsuite> <!-- com.crm.campaign.Campaign_with_product -->
