<?xml version="1.0" encoding="UTF-8"?>
<!-- Generated by org.testng.reporters.JUnitReportReporter -->
<testsuite hostname="DESKTOP-R71JSJF" failures="0" tests="1" name="practice.Run_Parameters" time="10.793" errors="0" timestamp="2022-10-11T11:12:59 IST" skipped="0">
  <testcase classname="practice.Run_Parameters" name="RunParameters" time="10.793"/>
  <system-out/>
</testsuite> <!-- practice.Run_Parameters -->
