<?xml version="1.0" encoding="UTF-8"?>
<!-- Generated by org.testng.reporters.JUnitReportReporter -->
<testsuite hostname="DESKTOP-R71JSJF" failures="0" tests="1" name="com.crm.organisation.organisation" time="21.111" errors="0" timestamp="2022-10-14T11:24:50 IST" skipped="0">
  <testcase classname="com.crm.organisation.organisation" name="createOrganisation_test" time="21.111"/>
  <system-out/>
</testsuite> <!-- com.crm.organisation.organisation -->
