<?xml version="1.0" encoding="UTF-8"?>
<!-- Generated by org.testng.reporters.JUnitReportReporter -->
<testsuite hostname="DESKTOP-R71JSJF" failures="0" tests="1" name="practice.CreateContact_test" time="19.658" errors="0" timestamp="2022-10-14T11:42:12 IST" skipped="0">
  <testcase classname="practice.CreateContact_test" name="Contact" time="19.658"/>
  <system-out/>
</testsuite> <!-- practice.CreateContact_test -->
