<?xml version="1.0" encoding="UTF-8"?>
<!-- Generated by org.testng.reporters.JUnitReportReporter -->
<testsuite hostname="DESKTOP-R71JSJF" failures="0" tests="1" name="com.crm.product.Delete_product1" time="17.799" errors="0" timestamp="2022-10-10T08:43:34 IST" skipped="0">
  <testcase classname="com.crm.product.Delete_product1" name="Delete_product" time="17.799"/>
  <system-out/>
</testsuite> <!-- com.crm.product.Delete_product1 -->
