<?xml version="1.0" encoding="UTF-8"?>
<!-- Generated by org.testng.reporters.JUnitReportReporter -->
<testsuite hostname="DESKTOP-R71JSJF" failures="0" tests="3" name="practice.Sample3" time="0.028" errors="0" timestamp="2022-10-10T15:59:48 IST" skipped="0">
  <testcase classname="practice.Sample3" name="modifyCustomer" time="0.008"/>
  <system-out/>
  <testcase classname="practice.Sample3" name="deleteCustomer" time="0.015"/>
  <system-out/>
  <testcase classname="practice.Sample3" name="createCustomer" time="0.005"/>
  <system-out/>
</testsuite> <!-- practice.Sample3 -->
